<?xml version="1.0" encoding="UTF-8"?>
<!-- Generated by org.testng.reporters.JUnitReportReporter -->
<testsuite skipped="0" hostname="DESKTOP-7GP1KNR" name="testNG.tc1" tests="1" failures="0" timestamp="25 Dec 2020 02:16:57 GMT" time="17.951" errors="0">
  <testcase name="verfiy" time="17.951" classname="testNG.tc1"/>
</testsuite> <!-- testNG.tc1 -->
